<?xml version="1.0" encoding="UTF-8"?>
<!-- Generated by org.testng.reporters.JUnitReportReporter -->
<testsuite hostname="Prakash-Laptop" failures="0" tests="3" name="testCases.TC003_LoginDDT" time="17.123" errors="0" timestamp="2024-11-01T17:57:00 GMT-04:00" skipped="0">
  <testcase classname="testCases.TC003_LoginDDT" name="varify_LoginDDT" time="2.959"/>
  <testcase classname="testCases.TC003_LoginDDT" name="varify_LoginDDT" time="2.693"/>
  <testcase classname="testCases.TC003_LoginDDT" name="varify_LoginDDT" time="11.471"/>
</testsuite> <!-- testCases.TC003_LoginDDT -->
